16 1
17 5
18 4
19 1
20 1
21 5
22 3
23 4
24 1
25 1
26 2
27 5
28 1
29 1
30 2
31 2
32 2
34 5
35 1
36 1
38 2
39 2
40 3
41 1
43 2
44 5
45 1
46 3
48 2
49 3
50 3
51 2
52 2
53 3
54 4
55 1
56 2
57 2
58 6
59 2
60 1
Traceback (most recent call last):
  File "task.py", line 5, in <module>
    scheduler.add_job(insert, 'interval', seconds=5)
  File "/root/anaconda/lib/python2.7/site-packages/apscheduler/schedulers/base.py", line 343, in add_job
    job = Job(self, **job_kwargs)
  File "/root/anaconda/lib/python2.7/site-packages/apscheduler/job.py", line 36, in __init__
    self._modify(id=id or uuid4().hex, **kwargs)
  File "/root/anaconda/lib/python2.7/site-packages/apscheduler/job.py", line 138, in _modify
    raise TypeError('func must be a callable or a textual reference to one')
TypeError: func must be a callable or a textual reference to one
18 3
19 1
20 2
21 3
22 1
23 3
24 2
25 4
26 2
27 5
28 2
30 2
32 2
34 2
35 2
36 2
37 3
38 2
40 2
41 4
42 3
43 1
44 2
45 2
46 3
47 5
48 1
49 3
50 4
51 1
52 3
54 4
55 5
56 3
57 3
58 4
59 1
60 3
Traceback (most recent call last):
  File "task.py", line 5, in <module>
    scheduler.add_job(insert, 'interval', seconds=5)
  File "/root/anaconda/lib/python2.7/site-packages/apscheduler/schedulers/base.py", line 343, in add_job
    job = Job(self, **job_kwargs)
  File "/root/anaconda/lib/python2.7/site-packages/apscheduler/job.py", line 36, in __init__
    self._modify(id=id or uuid4().hex, **kwargs)
  File "/root/anaconda/lib/python2.7/site-packages/apscheduler/job.py", line 138, in _modify
    raise TypeError('func must be a callable or a textual reference to one')
TypeError: func must be a callable or a textual reference to one
16 2
17 1
18 3
19 4
20 5
21 2
22 3
24 3
25 2
26 4
27 1
28 1
29 5
30 1
34 3
35 2
36 6
37 3
38 3
39 1
40 1
42 3
43 1
44 5
45 1
47 2
48 1
49 4
50 1
51 4
52 4
53 1
54 4
55 6
57 3
58 1
59 1
60 2
16 2
17 1
18 2
20 2
21 3
23 2
24 1
25 3
26 2
27 3
28 3
29 2
30 4
31 1
32 2
33 6
34 4
35 2
36 4
37 1
38 2
39 1
41 4
42 4
43 2
44 1
45 1
46 3
47 4
48 1
49 4
50 4
51 6
52 1
53 1
54 2
56 2
57 1
59 4
60 2
16 2
17 2
18 1
19 3
20 2
21 2
22 2
23 1
25 3
26 4
27 2
28 2
29 2
30 1
31 4
34 7
36 5
38 4
39 2
40 3
41 2
42 1
43 4
44 2
45 3
46 2
48 5
50 2
51 1
52 1
53 4
54 3
55 3
56 1
57 2
58 2
59 6
60 2
16 4
17 3
18 1
19 6
20 3
21 1
22 1
23 1
24 2
25 2
26 1
27 1
30 1
31 3
32 1
33 3
34 1
35 3
36 1
37 5
38 1
39 1
40 1
41 3
42 4
44 2
45 2
46 3
47 2
48 4
49 1
51 3
52 2
53 2
54 1
55 1
56 2
57 3
58 5
59 6
60 7
16 2
18 1
20 2
21 4
22 2
23 1
24 4
25 5
26 1
27 1
28 1
29 2
30 4
31 2
32 3
33 1
34 1
35 3
36 7
37 3
38 9
39 2
41 3
42 1
43 4
44 6
45 1
46 3
48 1
50 3
52 2
53 3
54 3
55 5
56 2
59 1
60 1
17 3
18 1
19 3
20 3
21 1
22 1
23 4
24 2
25 4
26 1
27 4
28 1
29 3
30 2
31 2
32 1
33 2
34 5
35 1
37 2
38 6
39 2
40 3
41 2
43 4
44 3
45 2
46 2
47 2
48 2
49 1
50 2
51 2
52 1
53 6
54 3
56 1
57 2
58 4
60 4
16 2
17 1
18 4
19 6
20 5
21 1
22 1
23 2
24 5
25 1
26 4
30 2
31 1
32 3
33 2
34 2
35 3
36 2
37 1
38 1
39 4
40 2
42 2
43 4
45 3
46 4
47 1
48 1
49 3
50 4
51 4
54 3
55 3
56 2
57 5
59 3
60 3
16 3
17 1
18 2
19 2
20 2
21 1
22 1
23 3
25 1
26 2
27 1
28 1
29 4
30 1
31 6
32 2
33 3
34 5
35 1
36 3
37 4
38 2
39 5
40 6
41 2
42 1
43 4
44 2
45 3
47 4
48 2
51 2
52 1
53 2
54 2
55 2
56 2
57 1
58 2
59 2
60 4
16 3
17 5
18 1
19 3
20 4
22 3
23 1
24 5
25 4
26 1
27 1
28 5
29 3
30 1
32 5
33 2
34 2
36 2
37 6
38 3
40 1
41 2
42 3
43 4
44 2
45 2
46 2
49 2
50 3
52 1
53 4
54 3
55 2
56 1
57 2
58 2
59 2
60 2
16 4
17 2
18 3
19 1
20 2
21 1
23 1
24 3
25 1
26 1
27 2
28 2
29 4
30 1
31 3
32 5
33 3
34 2
35 2
36 2
37 1
38 3
39 1
40 3
42 3
43 3
44 2
45 2
46 1
47 7
48 3
49 2
50 1
51 6
53 2
54 1
55 4
56 1
57 1
59 5
60 3
16 2
17 2
18 3
19 5
20 2
21 1
22 1
23 1
25 1
27 5
29 1
30 4
32 3
33 7
34 2
35 1
36 2
37 3
38 3
40 1
42 2
43 2
44 4
45 4
46 1
47 2
48 1
49 1
50 3
51 3
52 2
53 3
54 1
55 4
56 7
57 5
58 2
59 1
60 2
16 5
17 4
18 2
20 3
21 4
22 2
23 1
24 1
25 1
26 2
27 1
28 4
29 3
30 1
31 5
32 2
33 3
34 3
35 3
36 2
37 1
38 3
40 2
42 3
43 1
44 2
45 1
46 2
47 3
48 2
49 3
50 4
51 3
52 2
53 2
54 4
55 1
56 3
57 1
58 2
59 2
60 1
16 1
17 2
18 5
19 4
20 1
21 1
23 3
24 2
25 3
28 7
29 5
30 1
31 2
32 4
34 2
35 1
36 3
37 1
38 2
39 2
40 2
41 2
42 2
43 4
44 1
45 2
46 1
47 5
48 2
49 5
50 1
51 1
52 2
53 1
54 4
55 1
56 4
57 1
59 4
60 3
16 2
17 1
18 1
19 2
20 1
21 5
22 2
23 4
24 2
25 3
26 2
27 2
28 2
29 3
30 2
31 3
32 6
33 3
34 2
35 1
36 2
37 5
38 3
39 1
40 1
41 1
42 5
43 1
44 2
45 1
47 2
48 3
49 2
50 2
51 1
52 1
53 5
54 1
55 1
56 3
57 1
58 4
59 2
60 1
16 3
17 3
18 2
19 4
20 1
21 2
22 3
23 2
24 1
25 1
26 3
27 2
28 2
29 2
30 4
31 3
33 9
34 4
35 1
36 3
37 2
38 2
39 4
40 2
41 1
42 2
44 2
45 1
46 3
47 1
48 2
49 4
50 2
51 2
52 4
54 1
55 3
56 1
57 1
58 2
59 1
60 2
16 1
17 5
18 1
20 1
21 5
22 2
23 3
24 2
26 1
27 3
28 1
29 1
30 2
31 2
32 1
34 2
35 4
36 1
37 1
38 2
39 5
40 2
41 3
42 2
43 2
44 2
45 4
46 2
47 1
48 3
49 5
50 4
51 3
52 1
53 1
54 3
55 3
56 3
57 2
58 2
59 5
60 1
16 2
18 2
19 4
20 2
21 4
22 2
23 5
24 3
25 4
26 2
27 4
28 4
29 2
30 1
31 1
32 2
33 5
34 4
35 3
36 3
37 2
38 1
39 3
40 2
42 2
45 3
46 4
47 1
48 3
50 2
51 1
52 3
53 2
54 2
55 1
56 4
57 1
58 2
59 1
60 1
16 3
17 3
18 1
20 5
21 1
22 2
23 4
24 2
25 2
26 5
27 1
28 2
29 3
30 2
31 5
32 1
33 5
34 2
35 1
36 1
37 3
38 2
40 5
41 2
42 1
43 1
46 1
47 4
48 3
49 2
50 3
51 2
52 1
53 2
54 2
55 3
56 5
57 2
59 1
60 4
16 2
18 3
19 4
20 1
21 1
22 5
23 6
24 3
25 1
27 2
28 3
29 5
30 5
31 1
32 2
33 1
34 1
35 2
37 1
38 3
40 1
41 4
42 3
43 3
44 6
45 3
46 2
47 3
48 3
49 3
51 3
53 3
55 1
56 2
57 3
58 3
60 2
16 1
17 2
18 1
19 1
20 3
21 3
22 2
23 2
24 3
25 3
26 2
27 1
28 5
29 4
30 2
31 2
32 1
33 1
34 2
35 3
36 2
37 3
38 3
39 2
40 6
41 2
42 7
43 3
44 2
45 1
46 3
47 6
49 2
50 1
52 3
53 3
54 1
56 1
57 1
58 1
59 1
60 2
16 2
17 2
18 2
19 2
20 4
22 2
24 1
25 2
26 2
27 4
28 2
29 5
30 3
31 3
32 2
33 1
34 2
35 5
36 3
37 7
39 2
40 1
41 1
42 2
43 4
44 1
45 4
47 1
48 3
49 1
50 1
51 1
52 3
53 1
54 3
55 3
56 3
59 4
60 5
17 2
18 1
20 1
21 2
22 2
23 6
24 2
25 1
26 3
27 1
28 3
29 1
30 2
31 1
32 2
33 1
34 2
35 4
36 2
38 3
39 1
40 1
41 4
42 1
43 1
44 3
45 5
46 2
47 3
48 1
49 3
50 1
51 1
52 2
53 1
54 5
55 4
56 5
57 4
58 4
59 2
60 4
16 3
17 6
18 3
19 4
20 1
21 1
22 4
23 3
24 1
26 2
28 2
29 2
30 5
31 2
32 4
34 1
35 1
36 2
37 2
38 4
39 1
40 2
42 5
43 2
44 1
45 1
46 2
47 2
48 2
49 3
50 3
51 5
53 2
55 1
56 4
58 3
59 5
60 3
16 3
17 2
18 1
19 5
20 1
21 2
22 2
23 4
24 5
25 3
26 1
27 1
28 2
29 3
31 1
32 2
33 3
34 5
36 1
38 2
39 1
40 1
41 4
42 6
43 3
44 3
45 2
46 1
48 1
49 2
50 3
51 2
52 1
53 4
54 1
55 3
56 4
58 3
59 3
60 3
16 3
17 1
18 2
19 1
20 1
21 3
22 1
23 2
24 2
25 6
26 1
27 2
28 3
30 2
31 3
32 1
33 1
34 3
36 3
37 2
38 4
39 2
40 3
41 3
42 1
43 2
44 2
45 6
46 2
47 2
48 4
49 6
50 2
51 2
52 3
53 1
54 2
55 2
57 1
58 2
59 3
60 2
16 1
17 2
18 2
19 1
20 2
21 2
22 4
23 4
24 2
25 7
26 1
27 2
28 2
29 2
31 1
32 1
33 4
35 1
36 3
37 4
39 2
40 3
41 3
42 3
43 6
44 2
45 3
46 1
47 2
48 5
49 1
50 3
51 1
52 2
53 2
55 3
56 2
57 2
59 6
16 1
17 1
18 2
19 1
20 1
21 2
22 1
23 1
24 3
25 3
26 2
27 2
28 2
29 2
30 6
31 5
32 1
34 4
35 3
37 3
38 2
39 3
40 1
41 2
42 1
43 1
44 1
46 2
47 4
48 3
49 5
50 1
51 4
52 3
53 5
54 2
55 2
56 4
57 4
59 3
60 1
16 2
17 2
18 1
19 2
20 2
21 2
22 2
23 1
24 2
25 1
26 1
27 1
28 2
30 4
31 5
32 6
33 4
34 1
36 2
37 2
38 3
39 4
40 1
41 4
42 2
43 2
44 1
46 2
47 1
48 5
49 6
50 4
51 1
52 1
53 1
54 1
55 3
56 5
57 2
58 1
59 1
60 4
16 3
17 4
18 2
19 3
21 2
22 3
23 3
24 7
25 2
26 1
27 5
28 2
29 3
30 5
31 1
32 2
33 2
34 2
36 2
37 2
39 1
41 1
42 3
43 3
44 2
45 1
46 2
47 1
48 1
49 10
50 3
51 4
52 1
53 1
54 4
55 1
56 1
57 1
58 1
60 2
16 1
17 2
18 3
19 1
20 2
21 4
22 3
24 4
26 2
27 5
30 1
31 4
32 2
33 2
34 1
35 1
36 1
37 1
38 2
39 3
40 4
41 4
43 2
44 3
45 4
46 2
47 2
48 1
49 2
50 2
51 3
52 10
53 2
55 3
56 4
58 4
59 2
60 1
16 3
17 2
18 4
19 2
21 3
22 7
23 1
25 4
26 3
28 2
29 1
30 3
31 2
32 2
34 4
35 1
36 1
37 4
38 3
40 5
41 3
42 2
43 3
45 3
46 2
47 3
48 3
49 2
50 2
51 2
52 2
53 4
54 1
55 5
56 1
57 2
58 1
60 2
16 3
17 2
18 5
19 3
20 4
21 2
22 2
23 3
24 1
25 1
26 2
27 4
28 5
29 1
30 2
31 3
32 2
33 1
34 1
35 4
36 3
37 3
38 1
39 4
40 2
41 4
42 2
43 3
44 3
45 3
46 2
47 1
48 3
49 1
52 1
54 3
55 2
57 2
58 3
59 2
60 1
16 5
17 3
18 1
19 2
20 5
23 1
24 2
25 1
26 3
27 1
28 2
29 3
30 2
31 3
32 2
33 3
34 2
35 2
36 2
37 3
38 2
39 2
40 3
41 3
42 3
43 4
44 4
45 2
46 1
47 5
48 3
49 2
50 3
52 3
54 3
55 3
56 2
57 1
58 1
59 1
60 1
16 2
17 3
18 3
19 5
20 1
21 2
22 4
23 4
24 5
25 2
26 4
27 1
28 3
29 1
30 1
31 4
32 2
33 1
34 3
35 4
36 2
38 2
40 1
41 5
43 4
44 1
45 2
46 2
47 4
48 1
49 1
50 1
52 5
53 2
54 4
55 2
56 1
57 4
60 1
16 1
17 2
18 3
19 3
20 2
21 2
22 3
23 1
24 3
25 2
26 3
27 1
28 2
29 3
33 5
34 2
35 2
36 4
37 3
39 2
40 2
41 3
42 4
43 2
44 5
45 5
46 1
47 2
48 2
49 3
50 1
51 1
53 2
54 1
55 2
56 2
57 3
58 2
59 3
60 5
16 1
17 1
19 3
20 2
21 2
22 6
23 4
25 5
26 3
27 2
28 6
29 2
30 1
31 2
32 3
33 2
34 1
35 2
36 2
38 3
39 3
40 6
41 3
42 2
43 3
44 3
45 2
47 1
48 2
49 4
50 2
51 2
52 2
53 3
54 1
56 2
57 2
58 3
59 1
16 2
18 3
19 2
20 4
21 2
22 3
23 4
24 1
25 2
26 2
27 2
28 2
29 1
30 2
31 1
32 2
33 5
34 1
35 3
36 1
37 2
38 3
39 4
40 1
41 4
43 5
44 3
45 1
46 2
47 2
48 2
49 3
50 2
51 2
52 2
53 4
55 3
56 1
57 3
58 1
59 2
60 3
16 4
17 2
18 1
19 3
20 1
21 1
23 4
24 5
25 4
26 2
28 1
29 1
30 2
32 1
33 4
34 2
35 3
36 2
37 1
38 3
39 5
40 2
41 3
42 2
43 3
44 1
45 5
46 3
47 1
48 1
49 1
50 3
51 5
53 1
54 1
55 3
56 2
57 4
58 3
59 2
60 2
16 3
17 1
19 2
20 1
21 2
22 3
23 3
24 2
25 2
26 5
27 4
28 5
29 1
31 5
33 2
35 4
36 3
37 3
38 1
39 4
40 2
41 3
43 3
44 1
45 2
46 2
47 1
48 1
49 4
50 1
51 1
52 4
53 1
54 2
55 1
56 2
57 4
58 1
59 4
60 4
16 1
17 1
18 5
19 2
20 4
21 2
22 3
23 2
25 6
26 2
27 2
28 3
29 3
30 3
31 3
32 5
33 2
34 2
35 2
36 2
37 2
38 2
39 1
40 5
41 4
42 1
44 1
45 2
46 3
47 1
48 1
49 3
50 1
51 2
52 4
53 2
54 2
55 2
57 2
58 1
59 1
60 2
16 1
17 1
19 2
20 2
21 1
22 3
23 2
24 1
25 1
26 1
27 5
28 2
29 3
30 2
31 4
32 2
33 2
34 2
35 3
36 5
37 4
38 2
39 3
40 3
41 2
42 2
43 2
44 2
45 8
46 1
47 4
49 2
50 4
51 2
52 2
53 3
54 1
55 1
56 1
57 1
58 3
60 2
16 6
18 1
19 3
20 4
21 2
22 1
23 4
24 3
25 2
26 5
27 1
28 4
29 2
30 2
31 3
32 1
33 3
34 1
37 3
38 3
39 3
40 1
41 2
42 5
43 1
44 2
45 3
46 1
47 4
48 1
49 3
50 3
51 1
52 4
53 1
54 2
55 1
57 1
58 4
59 2
60 1
16 2
17 4
18 5
19 1
20 6
21 3
22 1
24 4
25 2
26 3
27 1
28 2
29 3
30 3
31 1
32 4
33 2
34 2
35 1
36 2
37 2
38 3
39 2
40 1
41 2
42 1
43 1
44 1
45 3
46 5
47 1
48 3
49 1
50 1
52 1
53 1
54 4
55 1
56 4
57 5
58 1
59 2
60 2
16 3
17 3
18 4
19 2
21 5
22 1
23 4
24 1
25 4
26 4
27 2
29 1
30 4
31 2
32 3
33 3
34 2
35 2
36 2
37 1
38 2
39 2
41 3
42 2
43 1
44 2
45 3
46 4
47 1
48 3
49 1
52 2
53 3
54 1
55 2
56 3
57 5
58 2
59 4
60 1
16 3
17 2
18 3
19 1
20 1
21 3
22 1
23 6
24 4
25 2
26 2
27 4
28 1
29 3
30 2
31 2
32 1
33 2
34 2
36 2
37 3
38 1
39 1
40 5
41 1
42 3
43 1
44 3
45 4
46 1
47 3
48 2
51 1
52 3
53 3
54 2
55 3
56 3
57 4
58 3
59 1
60 2
16 2
17 2
18 1
20 3
21 3
22 4
23 4
24 2
25 2
27 3
28 2
29 1
30 1
31 1
32 2
33 4
34 3
35 1
36 3
37 2
38 1
39 1
40 3
41 3
42 2
43 4
44 4
45 1
46 3
47 1
48 4
49 3
51 4
53 2
54 5
55 2
57 2
58 3
59 2
60 4
16 1
17 2
18 1
19 2
20 2
21 2
22 2
23 2
24 8
25 3
26 3
27 1
28 2
29 1
30 3
31 4
32 1
34 2
38 1
39 2
40 1
41 2
42 2
43 3
44 4
45 4
46 4
47 3
48 4
49 6
50 2
51 3
52 3
53 1
54 1
55 2
56 2
57 2
58 1
59 2
60 3
17 4
18 1
19 2
20 2
21 4
22 1
23 3
24 7
25 3
26 3
27 2
29 2
30 1
31 1
32 1
33 3
34 4
36 1
37 2
38 1
39 1
40 1
41 1
42 1
43 1
44 4
45 2
46 3
47 5
48 2
49 6
50 4
51 2
52 2
53 2
54 2
55 1
56 3
57 2
58 3
59 3
60 1
16 2
17 3
18 1
19 4
20 1
22 1
23 2
24 3
25 3
26 3
27 3
29 2
30 3
31 3
32 4
33 3
34 1
35 4
36 1
38 2
39 3
40 6
42 7
43 2
44 1
46 2
47 2
48 2
51 2
52 2
53 2
54 1
55 1
56 2
57 8
58 3
59 3
60 2
16 4
17 3
18 2
19 1
20 1
21 2
22 3
23 1
24 1
25 4
26 3
27 1
28 3
29 2
30 1
31 2
32 2
34 4
36 2
37 3
38 3
39 3
40 5
41 4
42 3
43 1
44 5
45 3
46 2
47 4
48 1
49 1
50 1
53 3
54 3
55 1
56 5
57 2
58 1
59 2
60 2
16 2
17 3
18 6
19 1
20 3
22 1
23 3
24 5
25 5
26 3
27 2
28 1
29 3
30 6
31 1
32 4
33 2
34 2
35 2
36 1
37 1
38 2
39 2
40 3
41 3
42 2
44 3
45 6
46 1
47 2
48 2
49 1
51 2
52 3
53 1
55 1
56 1
57 1
58 3
59 2
60 2
16 3
17 4
18 3
19 1
20 2
21 2
22 2
23 1
24 2
25 1
26 5
28 2
29 1
30 3
31 5
32 2
33 2
34 2
35 4
36 1
37 3
38 3
39 2
40 1
41 2
42 2
43 2
44 2
45 1
47 2
48 1
50 1
51 5
52 3
53 3
54 4
55 2
56 1
57 3
58 3
59 2
60 4
16 1
17 3
18 2
19 1
20 2
21 3
22 2
23 2
24 1
25 3
26 2
27 2
28 2
29 1
30 5
31 3
32 2
33 2
34 2
35 3
36 2
37 3
38 2
39 4
40 4
42 1
43 3
44 1
45 1
46 2
47 1
48 1
49 3
50 2
51 2
52 3
53 3
54 1
55 5
56 4
57 2
58 1
59 2
60 3
16 3
17 5
18 1
19 3
20 3
21 2
22 5
23 2
24 5
25 4
26 1
27 1
28 1
29 1
30 2
31 5
32 2
33 2
35 1
37 3
38 1
39 3
40 2
41 2
42 1
43 3
44 3
45 1
46 1
47 2
48 1
50 4
51 3
52 1
53 1
54 2
55 3
56 4
57 2
58 2
59 4
60 2
16 2
17 5
19 2
20 2
21 6
22 5
23 2
25 1
26 5
27 2
28 2
29 3
30 3
32 1
33 4
35 2
36 2
37 1
38 4
39 2
40 2
41 3
42 4
43 4
44 2
45 1
47 4
48 3
49 2
51 1
52 2
53 1
54 2
55 1
56 2
57 3
58 2
59 3
60 2
16 3
17 1
18 2
20 6
21 4
22 3
23 3
24 1
25 2
26 3
27 6
28 3
29 3
30 1
32 2
33 2
34 3
35 2
36 3
37 1
38 1
39 3
40 1
41 3
42 1
43 3
44 3
45 2
47 2
48 5
49 1
50 2
51 1
52 3
53 3
54 1
55 4
56 2
57 4
58 1
16 1
17 3
18 4
19 3
20 4
21 2
22 1
24 3
25 2
26 3
27 1
28 3
29 1
30 3
32 1
33 2
34 2
36 2
37 1
38 1
39 2
41 4
42 2
43 6
44 2
45 5
46 4
47 4
48 2
49 2
52 2
53 1
54 4
56 2
57 4
58 4
59 3
60 4
16 7
17 3
18 2
19 3
20 1
21 2
22 3
23 1
24 4
25 4
26 2
28 1
29 1
31 3
32 3
33 4
34 5
35 3
36 1
37 1
38 3
39 1
40 2
41 2
42 5
43 2
44 2
45 3
46 2
47 1
48 3
49 2
50 2
53 1
54 1
55 4
56 1
57 2
58 2
59 2
60 3
16 3
17 3
18 4
19 2
20 2
22 1
23 3
24 3
25 2
26 1
27 4
28 3
29 4
30 3
31 1
32 1
33 3
35 3
36 3
38 1
39 2
40 1
41 3
42 1
43 2
44 2
45 2
46 4
47 4
48 1
49 2
50 3
51 3
52 2
53 4
54 2
55 2
56 3
57 3
58 1
59 3
16 1
17 1
18 1
19 1
20 5
21 5
22 4
23 3
24 2
25 3
26 4
27 3
28 1
29 3
30 2
31 5
32 2
34 2
35 3
36 2
37 1
39 4
40 3
41 2
42 1
43 2
44 3
45 4
46 2
47 2
48 1
49 1
50 1
51 2
52 3
53 2
54 2
55 3
56 3
58 3
60 2
16 2
17 5
18 1
19 2
20 2
21 6
22 3
23 3
24 2
25 2
27 2
28 3
29 2
30 1
31 4
32 4
33 1
34 2
35 1
37 3
38 1
39 2
40 1
41 2
42 2
43 2
44 2
45 2
46 2
47 1
48 4
49 2
50 1
51 2
52 1
53 5
55 2
56 3
57 4
58 1
59 3
60 4
17 1
18 2
19 1
20 4
22 4
23 3
24 3
25 4
27 3
28 1
29 3
30 3
31 2
32 1
33 2
34 2
35 2
36 3
37 4
38 4
39 2
40 2
41 2
42 2
43 1
44 1
45 3
46 4
47 3
48 4
49 1
50 1
51 2
52 2
53 2
54 3
56 4
57 6
59 2
60 1
16 2
17 4
18 1
19 2
20 2
21 1
22 2
23 3
24 2
25 3
26 2
28 2
29 2
30 3
31 3
32 3
33 3
34 1
35 1
36 2
37 3
38 3
39 4
40 5
42 3
43 3
44 1
45 1
46 1
47 1
48 2
49 3
50 2
51 3
52 1
53 1
55 1
56 5
57 2
58 7
59 2
60 2
16 2
17 6
18 2
19 2
20 3
22 4
23 4
24 2
25 1
26 2
27 3
28 3
29 4
30 3
32 2
33 1
34 2
35 3
36 4
37 2
39 4
40 3
41 1
42 2
43 1
44 3
45 6
47 1
48 2
50 1
51 2
53 2
54 3
55 2
56 3
57 2
58 3
59 3
60 1
17 3
18 3
19 3
20 4
21 3
22 2
23 1
24 5
25 2
26 3
27 4
28 2
29 1
30 1
31 3
32 3
33 2
34 3
35 4
36 1
37 2
38 2
39 2
40 2
41 1
43 5
45 2
46 4
47 1
48 4
49 2
50 1
51 2
52 1
53 1
54 1
55 2
56 1
57 1
58 2
59 5
60 3
16 4
17 4
18 1
19 4
20 1
21 4
22 1
23 1
24 2
25 3
26 2
27 1
28 4
30 3
31 3
33 1
35 4
36 1
37 5
38 1
39 1
40 1
41 2
42 1
43 3
44 3
45 1
47 2
48 3
49 6
50 3
51 2
52 3
53 5
55 3
56 2
57 1
58 2
59 3
60 3
16 2
17 1
19 2
20 3
21 1
23 2
24 2
25 2
26 2
27 3
29 2
30 2
31 2
33 5
34 3
35 4
36 3
37 3
38 2
39 2
40 3
41 3
42 1
43 2
44 1
45 2
46 3
47 2
48 5
49 4
50 1
51 3
52 1
53 2
54 4
55 2
56 3
57 5
58 2
59 1
60 2
16 1
17 1
18 4
19 1
21 2
23 3
24 5
25 3
26 3
27 2
28 2
29 3
30 1
32 2
33 1
34 4
35 2
36 2
37 4
38 6
39 2
40 2
41 4
42 4
43 1
44 4
45 2
46 3
47 2
48 3
49 1
50 2
51 1
52 1
53 3
54 2
55 4
56 2
57 1
58 2
59 2
16 1
17 3
18 3
19 5
20 2
22 1
23 4
24 2
25 3
26 1
27 3
29 4
30 3
31 1
32 2
33 2
34 2
35 5
36 4
38 3
39 4
40 5
41 1
42 2
43 3
44 2
45 3
46 2
47 1
48 1
49 1
50 1
51 4
52 2
53 2
55 4
56 2
57 1
59 2
60 3
16 1
18 1
19 3
21 1
22 5
23 2
24 1
25 3
26 1
27 1
29 4
30 3
31 2
32 1
33 2
35 2
36 4
37 3
38 3
39 1
40 4
41 6
42 2
43 2
44 2
45 3
46 2
47 4
48 1
49 2
50 3
51 2
52 2
53 4
54 3
55 1
56 1
58 7
59 1
60 4
16 1
17 2
18 2
19 1
20 2
21 2
22 1
23 3
24 4
25 2
27 2
28 2
29 4
30 4
31 2
32 2
33 2
34 2
35 2
36 3
37 3
38 2
39 4
40 3
41 3
42 3
43 1
44 4
45 3
46 3
47 1
49 5
50 1
51 2
52 4
53 3
54 1
56 2
57 3
58 2
59 1
60 1
16 3
17 5
18 3
20 2
21 2
22 1
24 1
25 6
26 1
27 1
28 2
29 3
30 2
31 1
32 4
33 4
34 4
35 5
36 2
37 3
38 1
40 5
41 3
42 2
43 3
46 5
47 1
48 1
49 2
50 1
51 1
52 2
53 1
54 3
56 5
57 1
58 3
59 2
60 3
16 3
17 5
18 3
19 4
20 3
21 2
22 3
24 3
25 1
26 3
27 2
29 6
30 2
31 3
33 1
34 3
35 3
36 1
37 3
38 3
39 1
40 1
41 1
42 1
43 1
44 2
45 3
46 2
47 1
48 2
49 2
50 1
51 4
52 5
53 4
54 2
55 1
56 3
58 1
59 3
60 2
16 3
17 5
18 2
20 1
21 1
22 1
23 2
24 1
25 3
26 4
27 2
28 3
29 2
30 4
31 2
32 4
33 3
34 4
35 1
36 1
37 3
38 1
39 4
40 3
41 2
43 4
44 4
45 3
46 1
47 4
48 2
49 4
50 1
51 3
52 1
53 2
55 2
56 1
57 1
60 5
16 1
17 4
18 2
19 5
20 1
21 2
22 3
23 2
25 7
26 3
27 4
28 2
29 3
30 1
31 3
32 4
33 3
34 2
35 1
36 1
37 1
38 5
39 1
40 3
41 1
42 2
43 2
45 2
47 2
50 3
51 2
52 2
53 4
54 3
55 3
56 1
57 2
58 5
59 2
16 4
17 3
18 1
19 3
20 2
21 5
22 4
23 6
24 2
25 4
26 2
27 1
28 1
29 1
30 3
31 1
32 3
33 4
34 1
35 2
36 2
37 5
38 3
40 1
41 2
42 2
43 2
44 3
45 4
46 3
48 2
49 3
50 2
52 3
54 2
55 1
56 3
57 3
60 1
16 2
17 2
18 6
20 3
21 2
22 2
23 6
24 2
25 4
28 2
29 6
30 3
31 1
32 3
33 3
35 2
36 2
37 2
38 1
39 3
40 4
41 3
42 1
43 3
45 5
46 2
47 2
48 1
49 3
50 3
51 1
52 2
53 3
55 2
56 2
57 1
58 2
59 2
60 1
16 2
17 6
18 4
19 1
20 3
22 1
23 2
24 2
25 3
26 1
27 1
28 4
29 3
30 4
31 1
32 6
33 2
35 2
36 2
37 3
38 2
39 2
40 1
41 4
42 2
43 5
44 1
45 1
46 2
47 1
48 2
49 5
50 1
51 1
52 2
53 1
54 3
55 2
56 3
57 1
59 2
60 3
16 6
17 1
18 3
19 3
20 2
22 5
23 3
24 1
25 6
26 1
27 7
28 3
30 1
31 2
33 2
34 2
35 4
37 1
38 2
39 4
40 4
41 2
43 2
44 3
45 3
46 2
47 3
48 1
49 3
50 1
51 1
52 1
53 1
54 2
55 2
57 1
58 4
59 3
60 2
16 1
19 1
20 2
21 3
22 2
23 2
24 3
25 3
26 2
27 2
28 7
29 2
30 2
32 3
33 3
34 6
35 4
37 2
39 2
40 2
41 2
42 3
43 3
44 1
46 3
47 4
48 3
49 1
50 4
51 2
52 3
53 1
54 2
55 2
56 2
57 1
58 1
59 6
60 2
17 5
19 1
20 1
21 1
22 1
23 5
24 3
25 2
26 3
27 3
28 4
29 3
30 2
31 4
32 2
33 4
34 3
35 3
37 2
39 2
40 2
41 4
42 1
43 4
44 1
45 1
46 4
48 4
50 4
51 1
52 4
53 3
54 4
56 1
57 2
58 1
59 3
60 2
16 3
17 3
18 2
19 4
20 2
21 2
23 1
24 2
25 4
27 2
2816 1
17 1
18 4
19 1
20 3
22 2
23 1
24 2
25 3
26 1
27 3
28 1
29 1
30 3
31 6
32 3
33 3
35 2
36 3
37 4
38 1
39 9
41 3
43 2
44 3
45 2
46 2
47 1
48 3
49 1
50 3
51 5
52 2
53 2
54 1
55 2
56 1
57 1
59 7
60 1
16 3
17 2
18 1
19 1
20 2
21 4
22 2
23 4
26 3
27 3
28 3
29 3
30 2
31 2
32 1
33 4
34 1
35 3
36 2
37 3
38 1
39 1
41 3
42 4
43 3
44 3
45 2
47 5
48 2
49 1
50 6
51 1
52 4
53 4
55 2
56 1
58 6
60 2
16 2
17 2
18 2
19 1
20 1
21 2
22 4
23 3
24 1
25 4
26 3
28 1
29 3
30 3
31 1
32 2
33 3
34 1
35 4
36 2
37 3
38 3
39 3
40 1
41 3
42 1
43 1
44 1
45 2
47 5
48 2
49 1
50 3
51 2
52 3
53 3
54 4
55 4
56 2
57 4
59 2
60 2
16 2
18 4
19 3
20 1
21 4
22 2
23 3
24 4
25 4
26 5
27 4
28 2
29 3
30 2
31 3
32 3
33 2
34 3
36 4
37 3
39 1
40 1
41 4
42 4
43 1
45 2
48 1
49 3
51 2
52 4
54 2
55 3
56 2
57 3
58 2
59 2
60 2
16 2
17 1
18 1
19 5
20 2
21 2
22 1
24 2
25 4
26 1
27 2
30 3
31 1
32 3
33 2
34 2
35 3
36 3
37 2
38 3
39 5
40 1
41 3
42 1
43 3
44 3
45 4
46 1
47 1
48 2
49 7
51 2
52 4
53 2
54 2
55 2
56 2
57 2
58 3
59 2
60 3
16 4
17 2
18 1
19 1
20 1
21 1
22 2
23 2
24 2
25 3
26 3
28 4
29 1
30 1
31 1
32 2
33 2
34 7
36 4
37 5
39 2
40 1
41 1
42 1
43 1
44 1
45 6
46 5
47 1
48 3
49 2
50 3
51 4
52 2
53 3
54 4
55 3
57 2
58 3
59 2
60 1
16 2
17 4
18 1
19 3
20 3
21 3
22 3
23 4
24 1
25 3
26 1
27 2
28 2
29 2
30 1
31 2
32 3
33 4
34 2
35 3
36 2
37 3
38 2
39 3
40 1
42 2
43 2
44 2
45 1
46 3
47 2
48 3
49 2
50 1
51 3
52 2
53 3
54 7
55 1
56 1
58 3
59 1
60 1
18 3
19 2
20 4
21 1
22 4
23 1
24 1
26 2
27 2
28 4
29 2
30 1
33 1
34 5
35 6
36 2
37 1
38 2
41 1
42 2
43 6
44 2
45 4
46 4
47 3
48 2
49 6
50 2
51 1
52 1
53 3
54 1
55 2
56 3
57 3
58 4
59 4
60 2
16 1
17 2
18 1
19 4
21 1
22 3
23 1
24 1
25 4
26 2
28 2
29 2
30 3
31 3
32 2
33 3
34 3
36 2
37 5
38 3
39 3
40 1
41 5
42 2
43 1
44 2
45 4
46 1
47 3
48 2
49 1
50 3
51 3
52 1
53 2
54 2
55 3
56 1
57 5
58 4
59 1
60 2
16 3
17 1
18 1
19 2
20 3
21 4
22 1
24 2
25 3
26 4
28 4
29 4
32 3
33 2
34 2
35 3
37 2
38 2
39 5
40 4
41 2
42 3
43 3
44 3
45 5
46 1
47 4
48 2
50 1
51 4
52 1
53 3
54 1
55 2
59 4
60 6
16 1
17 6
18 3
19 3
20 3
21 1
22 3
23 1
24 2
25 4
26 1
27 3
28 2
29 4
31 2
34 2
35 5
36 1
37 3
38 3
39 1
41 4
42 1
43 2
44 2
45 4
46 2
47 1
48 4
49 1
50 1
51 2
52 3
53 1
54 3
55 1
56 2
57 3
58 3
59 5
60 1
17 2
18 6
19 1
20 4
21 1
22 1
23 3
24 4
25 3
26 2
27 1
28 3
29 2
30 4
31 1
32 1
33 4
34 3
35 3
36 4
38 4
39 3
40 3
41 3
42 2
43 2
44 3
46 4
48 1
50 1
51 3
54 5
55 4
56 4
57 1
58 2
59 2
16 4
17 2
18 1
19 3
20 3
21 3
22 4
23 2
25 3
26 2
27 2
28 5
29 5
30 2
32 1
33 2
34 4
35 1
36 5
37 1
38 2
39 2
40 3
41 1
42 2
43 1
44 1
45 2
46 1
47 3
48 1
50 3
51 4
52 1
53 6
56 3
57 4
58 1
59 4
16 4
18 1
19 2
20 4
21 1
23 3
24 4
25 2
26 1
27 1
28 2
29 1
30 3
31 1
32 2
33 3
34 2
35 4
36 3
37 3
38 2
39 5
40 2
41 1
42 4
43 1
44 2
46 3
47 4
48 5
49 3
50 3
51 2
52 1
53 2
55 2
56 1
57 4
58 2
59 1
60 3
16 3
17 2
18 2
20 1
21 5
22 2
23 2
24 3
25 2
26 2
27 1
28 4
29 1
30 1
31 1
32 1
33 2
34 2
35 1
37 2
38 1
39 5
40 4
41 4
42 1
43 2
44 2
45 2
46 2
47 3
48 2
49 2
50 3
51 3
53 2
54 4
55 5
56 2
57 1
58 7
59 2
60 1
16 1
17 2
19 4
20 3
21 1
22 4
23 3
24 4
25 1
26 2
28 2
29 3
30 3
31 2
32 1
33 4
34 1
35 2
36 3
37 4
38 1
39 1
40 1
41 2
42 3
43 3
44 2
45 5
46 2
47 2
48 1
49 3
50 2
51 1
52 1
53 1
54 5
55 3
56 1
57 4
58 1
59 2
60 3
16 1
17 1
18 1
19 1
20 2
22 2
23 3
24 1
25 2
26 1
27 2
28 1
29 3
30 5
31 4
32 3
33 1
34 3
35 2
36 5
37 4
38 2
39 6
40 4
42 1
43 2
44 1
45 5
47 3
48 3
49 4
50 1
51 1
52 1
53 4
54 2
55 1
56 2
57 3
58 2
59 2
60 2
16 2
17 1
18 3
19 1
20 3
21 4
22 2
23 2
24 2
25 3
26 3
27 1
28 1
30 3
31 2
32 1
33 2
34 1
35 1
36 1
37 3
38 2
39 1
40 4
43 1
45 3
46 2
47 1
48 2
49 5
50 3
51 6
52 3
53 4
54 2
55 3
56 3
57 3
58 5
59 3
60 2
16 2
17 3
18 3
19 3
21 4
22 6
23 2
24 1
25 1
27 5
28 2
29 3
30 4
31 2
34 1
35 5
36 6
38 2
39 1
40 5
41 2
42 1
43 3
44 4
45 1
46 2
47 3
48 3
49 2
50 2
52 3
53 3
54 1
56 1
57 2
58 2
59 3
60 1
16 3
17 3
18 1
19 1
20 2
21 2
22 2
24 3
25 2
26 1
27 3
28 1
29 1
30 1
31 2
32 1
33 1
34 6
35 4
36 3
37 1
38 5
39 1
40 4
41 4
42 5
43 2
44 1
45 3
46 1
47 1
48 1
49 1
50 4
51 1
52 3
53 7
54 3
55 1
56 4
57 3
58 1
16 3
17 1
18 3
19 2
20 2
21 4
23 3
24 2
25 5
26 1
28 4
30 1
31 2
32 2
35 4
316 3
17 2
18 4
20 3
21 1
23 1
24 4
25 4
26 2
27 1
29 1
30 3
31 4
32 1
33 3
34 1
35 2
36 3
37 2
39 1
40 4
41 2
42 4
43 4
44 2
45 4
46 1
47 3
48 2
49 1
50 1
52 3
53 1
54 1
55 1
56 4
57 3
58 4
59 5
60 4
16 5
17 1
18 3
19 2
20 1
21 4
22 3
24 1
25 1
26 5
27 2
28 1
29 2
31 2
32 1
34 1
35 2
36 3
37 5
38 2
39 2
41 3
42 3
43 2
44 2
45 3
46 2
47 1
48 3
49 4
50 8
51 2
52 4
53 1
54 2
55 2
56 4
57 2
60 3
16 1
17 3
18 7
19 2
21 4
23 2
24 5
25 1
26 1
27 4
28 2
29 2
30 2
31 1
32 1
33 2
34 2
35 2
36 3
37 2
38 5
39 2
40 4
41 1
42 1
43 2
44 2
45 3
46 2
47 3
48 2
49 3
51 2
52 1
53 4
54 2
56 5
57 4
60 3
16 3
17 2
18 2
19 3
20 2
21 3
22 2
23 3
25 1
26 4
27 2
28 1
29 2
30 4
31 1
32 2
33 1
34 3
35 3
36 2
37 4
38 1
39 1
40 5
41 6
42 1
43 1
44 1
46 2
47 4
48 3
49 3
50 3
51 2
52 2
53 2
54 1
55 2
56 4
57 2
59 3
60 1
16 7
17 2
18 2
19 4
20 2
21 2
22 3
23 1
24 3
25 1
26 2
27 5
28 3
29 3
30 1
31 1
32 2
33 2
34 1
35 3
36 3
37 1
38 2
39 2
40 1
41 2
42 1
43 1
44 1
45 1
46 1
47 1
48 2
49 2
50 3
51 2
52 5
53 3
54 2
55 1
56 3
57 1
58 4
59 3
60 2
16 2
17 3
18 5
19 1
20 3
21 2
22 3
23 7
24 2
25 3
26 1
27 1
28 2
29 3
30 1
32 3
33 4
34 2
35 3
36 1
37 2
39 1
40 3
41 5
44 3
46 1
47 5
48 4
50 3
51 1
52 1
53 3
54 2
55 2
56 2
57 3
58 1
59 2
60 4
17 3
18 2
19 4
20 1
22 2
23 3
24 2
25 2
26 1
27 1
28 5
29 3
30 6
31 2
33 3
34 2
35 1
36 4
38 2
39 2
40 3
41 2
42 1
43 2
44 2
45 3
46 2
47 1
48 2
50 1
51 2
52 8
53 3
54 4
55 3
56 1
57 3
58 3
59 3
16 2
17 4
18 3
19 2
20 3
22 1
23 2
24 1
25 1
26 2
27 1
28 4
29 4
30 1
31 1
32 1
33 5
34 2
35 5
37 2
38 4
39 5
40 2
41 2
43 2
44 1
45 2
46 3
47 3
48 2
49 3
50 3
51 2
52 3
55 4
56 2
57 3
58 1
59 3
60 3
16 2
17 2
18 2
19 2
21 3
22 1
23 4
24 2
25 2
26 3
28 3
29 2
30 3
31 5
32 2
33 3
34 1
35 4
36 3
37 2
38 5
39 2
40 2
41 1
42 2
43 1
44 4
45 3
46 2
47 5
48 2
49 2
50 1
51 1
52 1
53 4
55 2
56 3
57 2
58 3
60 1
16 1
17 5
18 2
19 1
20 4
22 2
23 3
24 2
26 1
27 2
28 2
29 2
30 4
32 4
33 2
34 5
35 3
36 1
38 3
39 2
40 3
41 1
42 2
43 2
44 1
45 2
46 5
48 1
49 4
50 1
51 1
52 4
53 3
54 3
55 4
56 1
57 3
58 2
59 5
60 1
16 4
17 5
19 4
21 2
22 1
23 1
24 3
25 1
26 1
27 5
28 1
30 2
31 2
32 4
33 2
34 3
36 6
37 3
39 4
40 1
42 1
43 3
44 4
45 1
47 1
48 5
49 3
50 5
51 3
52 2
53 1
54 1
56 1
57 5
58 6
60 3
16 3
17 2
18 2
19 3
20 6
22 3
23 3
24 2
25 6
27 4
28 3
29 1
30 2
32 2
33 5
34 3
36 2
37 1
38 2
39 4
40 1
41 2
42 4
43 5
44 1
45 2
47 7
48 3
49 2
50 2
51 1
53 1
54 1
55 1
56 1
57 1
58 1
59 4
60 1
17 1
18 1
19 2
20 4
21 6
22 2
23 1
24 6
25 3
26 2
27 3
28 2
29 2
30 4
31 1
33 1
34 3
35 1
36 4
37 3
38 2
39 1
40 3
41 3
42 1
44 4
45 1
46 1
47 2
48 2
50 1
51 6
52 1
53 3
54 1
55 3
56 3
57 3
58 2
59 2
60 3
16 2
17 3
18 2
19 1
20 1
21 3
22 2
23 2
24 1
25 3
27 3
29 3
30 3
31 5
32 2
33 2
34 2
35 1
36 1
37 2
38 1
39 3
40 4
41 2
42 6
43 4
44 3
45 1
46 1
47 3
48 3
49 2
50 1
51 3
52 3
53 2
54 1
55 2
56 2
57 5
58 1
59 1
60 2
16 2
17 1
18 6
20 2
21 3
22 2
23 3
24 3
25 1
26 3
27 3
28 1
29 3
30 2
31 2
32 1
33 5
35 3
37 2
38 2
39 3
42 1
43 1
44 1
45 6
46 5
47 4
48 3
49 2
50 2
51 2
53 2
55 4
56 3
57 2
58 3
59 2
60 4
16 1
17 3
18 5
19 2
20 3
21 3
22 1
23 1
24 1
25 2
26 3
27 2
28 2
29 1
30 3
31 2
32 4
33 1
34 3
35 1
36 5
37 2
39 1
40 3
41 4
42 3
43 2
44 2
45 3
46 1
48 1
49 1
50 4
51 4
52 4
53 3
54 2
55 3
57 3
58 1
59 3
60 1
16 4
17 3
18 1
19 5
20 2
21 2
22 1
23 1
24 1
26 1
27 2
28 3
30 4
31 2
32 2
33 2
34 4
35 2
36 4
38 1
39 1
40 2
41 1
42 3
43 4
44 1
45 5
46 4
47 2
48 3
49 3
50 1
51 3
52 3
53 2
54 3
55 2
56 1
57 4
59 2
60 3
16 2
17 3
18 1
19 2
20 1
21 4
22 3
23 6
24 2
25 5
26 2
27 2
29 2
30 2
31 1
32 2
33 1
34 2
35 2
36 2
37 3
38 2
40 4
41 5
42 1
44 2
45 2
47 2
48 3
49 2
50 2
51 3
52 4
53 1
54 2
55 2
56 4
57 2
58 5
59 1
60 1
16 4
17 4
18 2
19 2
20 3
22 3
24 2
25 2
26 1
27 1
28 2
30 3
31 3
32 1
33 4
34 2
35 2
36 1
37 1
38 1
39 2
40 4
41 1
42 2
43 2
44 3
45 3
46 3
47 1
48 3
49 2
50 2
51 4
52 2
53 2
54 6
55 5
56 1
57 4
59 3
60 1
16 3
17 2
18 1
19 1
20 1
21 6
22 4
23 1
24 2
25 2
26 4
27 4
28 2
29 1
30 2
31 1
32 2
33 2
34 1
35 2
36 1
37 2
38 2
39 1
40 7
41 5
43 4
44 1
45 3
47 3
48 3
49 4
50 2
51 1
52 2
54 1
55 2
56 3
57 6
58 3
16 2
17 5
18 2
19 4
20 3
21 3
22 2
23 2
24 2
25 2
26 3
28 1
29 4
30 1
31 2
32 3
33 2
34 2
35 2
36 3
38 5
39 1
40 2
41 4
42 1
43 2
44 1
45 1
46 5
47 2
48 2
49 1
50 1
52 2
53 3
54 1
55 3
56 4
57 4
58 1
59 2
60 2
16 4
17 1
18 3
19 1
20 3
21 3
23 3
24 1
25 1
26 3
27 2
28 2
29 1
30 4
31 1
32 2
33 2
34 5
35 3
36 1
37 1
38 2
39 5
41 4
42 3
43 1
44 1
45 3
46 1
47 3
48 5
49 1
50 5
51 2
53 4
54 2
55 4
56 2
58 1
59 2
60 2
16 1
18 3
19 3
20 3
21 7
22 2
23 3
24 1
25 1
26 3
27 4
28 2
29 1
30 3
31 4
32 3
33 1
34 3
35 1
36 1
39 2
40 1
41 1
42 1
43 2
44 1
45 3
46 2
47 2
50 4
51 7
52 5
53 1
54 2
55 3
56 4
57 1
58 1
59 2
60 5
16 1
17 5
18 1
19 2
20 3
21 1
22 5
23 1
25 2
26 4
27 4
28 1
29 3
30 5
31 1
32 2
33 4
34 4
35 2
36 1
38 4
39 4
40 1
41 2
43 5
44 1
45 1
47 3
49 1
50 1
51 3
52 1
53 4
54 4
55 4
56 2
59 2
60 5
17 1
18 3
20 2
21 5
22 2
23 7
24 2
25 1
27 3
28 2
29 3
30 2
31 4
32 2
33 2
34 5
35 1
36 4
37 3
38 1
39 2
40 2
41 2
42 3
43 1
44 1
45 1
46 2
49 3
50 2
51 2
52 4
53 4
54 3
55 2
56 1
57 2
58 4
59 3
60 1
16 3
17 1
18 1
19 1
20 2
21 1
22 3
23 1
24 3
25 1
26 4
27 1
28 5
29 5
30 2
31 5
32 3
33 1
34 3
35 2
36 1
37 1
38 2
39 1
40 2
41 2
42 4
43 2
45 1
46 1
47 3
48 4
49 1
50 6
51 1
52 1
53 5
54 2
55 5
56 3
58 1
59 1
60 2
16 1
19 1
20 4
21 2
22 5
23 2
24 2
25 7
26 2
27 2
28 1
29 2
30 2
31 7
32 1
33 1
34 4
35 2
36 2
37 1
38 1
39 1
40 1
41 5
42 2
43 3
44 4
45 4
46 2
47 1
49 3
50 2
51 2
52 2
53 1
54 3
55 1
56 3
57 3
59 4
60 1
16 1
17 2
18 1
19 2
20 4
21 1
22 6
23 2
24 4
25 1
26 2
28 4
29 1
30 1
31 1
32 2
33 1
34 3
35 3
36 1
37 6
39 1
41 3
42 5
44 5
45 3
47 5
48 2
49 1
50 3
51 4
52 4
53 1
54 2
55 2
56 3
57 2
58 1
59 2
60 2
16 6
17 6
18 3
19 2
20 1
21 5
22 1
24 2
25 2
26 3
30 2
31 2
32 2
33 2
34 4
35 1
36 2
37 2
38 2
40 1
41 2
42 1
43 4
44 2
45 3
46 2
47 2
48 2
49 1
50 4
51 4
52 2
53 5
54 2
55 2
56 4
57 2
58 3
60 2
16 2
17 2
18 1
19 2
20 2
22 3
23 1
24 2
25 3
26 8
27 1
28 3
29 1
30 2
31 2
32 2
33 1
34 1
35 2
36 2
39 1
40 2
41 2
42 3
43 4
44 4
45 2
46 3
47 1
48 2
49 4
50 1
51 6
52 2
53 3
54 2
55 3
56 4
57 3
58 2
59 1
60 2
16 3
18 3
20 2
21 1
23 1
24 2
25 3
26 1
27 4
28 3
29 2
30 1
31 4
32 1
34 1
36 4
37 4
38 3
40 1
41 3
42 3
44 4
45 2
46 3
47 3
48 3
49 3
50 2
52 3
53 3
54 4
55 2
56 6
57 3
58 3
59 5
60 1
16 3
17 2
18 3
19 2
20 4
21 4
22 2
23 2
24 2
25 4
26 4
27 1
28 3
29 1
31 1
32 1
33 4
34 1
35 2
36 4
37 4
39 2
40 2
42 2
43 2
44 2
46 4
47 2
48 1
49 2
50 3
51 3
52 1
53 3
54 1
55 2
56 1
57 6
58 2
59 4
60 1
17 1
18 1
19 2
20 2
21 1
22 2
24 3
25 3
26 1
27 3
28 2
29 1
30 2
31 3
32 1
34 4
35 4
36 4
37 2
38 2
39 1
40 1
41 4
42 2
43 3
44 2
45 3
46 3
47 1
48 2
49 4
50 4
51 1
52 3
53 5
54 4
55 2
56 3
57 3
58 2
59 1
60 2
16 2
17 2
18 3
19 2
20 3
21 1
22 2
23 3
24 1
25 1
26 2
27 5
28 3
29 2
30 2
31 3
32 3
33 3
34 2
35 2
36 1
38 1
39 3
40 1
41 3
42 4
43 2
44 1
45 6
46 3
47 4
48 4
49 1
50 1
51 2
52 3
53 2
55 1
56 1
58 3
59 4
60 2
16 6
17 5
18 3
19 2
20 4
21 1
22 2
24 1
25 2
27 3
28 2
29 1
30 3
31 3
33 2
34 2
36 4
37 3
38 1
40 2
41 3
42 4
43 3
44 2
45 2
46 2
47 3
48 1
49 1
50 4
51 2
52 4
53 1
54 2
55 2
56 5
57 2
58 4
59 1
17 3
18 2
19 1
21 1
22 3
23 1
24 1
25 4
26 1
27 3
28 2
29 3
30 3
31 1
32 1
33 2
34 6
35 4
37 2
38 3
39 1
40 1
41 1
42 2
43 3
44 1
45 2
46 3
47 1
48 4
49 2
51 3
52 1
53 2
54 3
55 6
57 3
58 7
59 2
60 5
16 2
18 3
19 2
20 4
21 1
22 1
23 2
24 4
25 4
26 2
27 2
28 1
29 2
30 2
31 1
32 3
33 1
34 2
35 3
36 2
37 3
39 2
40 6
41 2
42 3
43 3
44 1
45 3
46 2
48 2
49 1
50 3
51 1
52 2
53 3
54 3
55 2
56 3
57 2
58 1
59 2
60 6
16 2
17 2
18 2
19 3
20 2
21 1
22 1
25 3
26 3
27 1
28 1
29 1
30 3
31 3
32 2
33 4
34 3
35 6
36 2
37 2
38 1
39 2
40 2
41 4
42 3
43 3
44 2
45 2
46 2
47 2
48 3
49 3
50 2
51 6
52 3
53 2
54 4
55 2
56 2
57 1
58 2
16 2
17 2
18 3
20 3
21 3
22 3
23 4
24 3
25 1
26 3
27 1
28 1
30 2
31 3
32 5
34 2
35 2
36 2
37 3
38 1
39 1
40 1
41 4
42 5
43 2
44 2
45 1
46 2
47 1
48 2
49 1
50 4
51 2
52 4
53 3
54 3
55 3
56 4
57 1
58 3
59 1
60 1
16 2
18 2
19 2
20 3
21 2
22 3
24 4
25 2
26 3
28 1
29 3
30 5
31 5
34 2
35 1
36 1
37 3
38 1
39 2
40 4
41 2
42 2
43 1
44 2
45 1
46 2
47 3
48 2
49 2
50 2
51 2
52 4
53 3
54 4
55 1
56 1
57 4
58 4
59 1
60 6
16 3
17 1
18 3
19 3
20 2
21 2
22 1
24 4
25 3
26 2
27 1
29 1
30 1
31 1
32 1
33 1
34 2
35 2
36 2
37 3
38 1
39 6
40 4
41 4
42 2
43 1
44 1
45 4
46 6
47 5
49 2
50 1
51 4
52 2
53 3
54 3
56 3
57 3
58 1
59 3
60 2
16 2
17 1
18 3
20 2
21 2
22 3
23 3
24 2
25 3
26 2
27 3
28 3
29 1
30 5
31 4
32 4
33 3
34 2
36 1
37 5
38 1
39 2
40 3
41 1
42 3
43 2
44 1
45 2
46 2
47 3
48 2
49 2
50 1
51 3
53 2
54 2
55 3
56 2
57 1
58 4
59 1
60 3
17 2
18 3
19 1
20 1
21 3
22 2
24 3
25 2
26 3
27 1
28 3
30 4
31 2
32 2
33 2
34 6
35 4
36 1
37 1
38 1
39 4
40 4
41 3
43 4
44 2
45 2
46 5
48 3
49 2
50 1
51 3
52 1
54 2
55 3
56 2
57 2
58 4
59 1
60 5
16 1
17 2
18 2
19 4
20 3
21 2
22 5
23 1
25 2
26 3
27 7
28 2
29 1
30 3
31 1
32 2
33 5
34 2
35 4
36 3
38 1
40 3
41 5
42 2
43 1
45 5
46 2
47 3
48 1
49 2
50 3
51 1
52 1
53 2
54 3
55 3
56 2
58 1
59 1
60 3
16 2
17 2
18 1
19 5
20 1
21 3
22 2
23 3
25 1
26 1
27 2
28 3
29 2
32 3
33 6
34 1
35 3
36 2
37 1
38 4
40 1
41 1
42 4
43 4
44 5
45 1
46 1
47 2
48 4
49 2
50 2
51 2
52 5
53 1
54 3
55 3
56 6
58 3
59 1
60 1
16 2
18 2
19 4
21 3
22 6
23 4
26 2
27 3
28 1
29 4
30 4
31 2
33 2
34 3
35 3
36 2
37 4
38 6
39 1
40 2
41 2
42 2
43 1
44 2
45 1
46 4
47 1
48 1
49 2
50 1
51 2
53 4
54 5
55 2
56 3
57 2
58 3
59 2
16 1
17 1
18 3
19 1
20 1
21 3
22 2
23 6
24 3
25 1
26 2
27 2
28 3
29 3
30 1
31 2
32 1
33 2
34 1
35 4
36 3
37 5
39 3
40 5
41 2
42 4
43 2
44 1
45 3
47 1
48 4
49 1
50 3
51 3
52 2
53 1
54 2
55 1
56 3
57 3
58 2
59 2
60 1
16 2
17 2
19 2
20 1
21 2
22 1
23 4
24 6
25 3
26 2
27 2
28 2
29 1
30 3
31 4
32 1
33 2
34 4
35 2
36 1
37 3
38 2
39 1
40 2
41 3
42 3
44 4
45 1
46 3
47 2
48 2
49 4
50 3
51 2
52 2
53 1
54 6
56 2
57 2
58 3
59 1
60 1
16 2
17 1
18 2
19 1
20 4
21 3
22 3
23 5
24 1
25 1
26 1
27 5
28 3
30 2
31 2
32 1
33 1
34 1
35 2
36 1
37 4
38 1
39 1
40 2
41 1
42 4
43 4
44 3
45 2
46 1
47 1
48 4
49 4
50 3
51 2
52 1
53 2
54 3
55 4
56 2
57 2
58 2
59 3
60 2
16 3
17 2
18 5
19 1
20 3
21 1
22 3
24 2
25 1
27 2
28 3
29 2
31 3
32 2
33 3
34 2
35 2
38 2
40 1
41 5
42 4
44 2
45 5
46 1
47 2
48 5
49 1
50 1
51 3
52 4
53 4
54 1
55 2
56 3
57 2
58 3
59 5
60 4
16 2
17 4
18 1
20 2
21 4
22 3
23 1
24 3
26 6
27 2
28 2
29 4
30 2
31 4
32 1
33 3
34 2
36 2
37 2
38 1
39 2
40 5
41 1
42 2
43 2
44 3
45 3
46 1
47 1
48 1
49 4
50 3
52 3
53 2
54 2
55 2
56 2
57 3
58 2
59 1
60 4
16 5
17 2
18 1
19 3
20 2
21 3
22 3
23 1
24 3
25 1
26 1
27 2
28 1
29 1
30 4
31 2
32 3
34 2
35 2
36 1
37 2
38 3
39 3
40 3
41 6
42 2
43 2
44 2
45 1
46 2
47 3
48 2
49 1
50 1
51 2
52 2
53 4
54 2
55 4
56 4
57 2
58 1
60 3
16 3
17 3
19 1
20 3
21 3
22 1
23 1
25 6
26 1
27 1
28 2
29 4
31 3
32 1
33 2
34 1
35 2
36 1
37 5
38 3
39 5
40 4
41 3
42 2
43 3
44 2
45 3
46 2
47 3
48 1
49 3
50 1
51 2
52 3
53 2
54 3
55 1
56 2
57 4
58 1
59 2
60 1
16 3
17 6
18 1
19 3
20 2
21 1
22 2
23 1
24 2
25 2
26 2
27 5
28 2
29 3
30 2
31 2
32 3
33 2
34 3
35 4
36 2
37 1
38 2
39 1
40 1
41 2
42 2
43 4
45 3
46 1
47 4
49 4
50 2
51 4
52 2
53 2
54 1
55 1
57 3
58 1
59 3
60 3
16 2
17 1
18 2
19 1
21 2
23 3
24 4
25 3
26 6
27 3
28 1
30 4
31 2
32 4
33 2
34 3
35 1
36 4
37 1
38 2
39 5
40 3
41 2
42 1
43 3
44 1
45 3
46 3
48 2
49 4
50 3
51 2
52 1
53 2
54 1
55 4
57 2
58 2
59 3
60 2
16 1
19 3
20 5
21 2
22 4
23 3
25 2
26 1
27 1
28 6
30 3
31 1
32 1
33 5
34 1
35 6
36 2
37 3
38 1
39 1
40 3
41 1
42 2
43 4
44 2
45 3
46 3
47 2
49 4
50 2
51 2
52 1
53 3
54 5
55 3
56 3
57 1
58 1
59 1
60 2
16 5
17 3
18 1
19 5
21 2
23 1
24 4
25 3
26 5
27 2
28 4
29 5
30 4
31 1
32 4
33 5
34 1
35 1
37 2
38 1
39 1
40 2
41 1
42 2
43 1
44 2
46 2
47 2
48 1
50 3
51 5
52 1
53 3
54 4
55 2
56 4
57 1
58 2
59 2
16 1
17 1
18 1
19 6
20 3
21 2
22 2
23 1
24 2
25 3
27 4
28 8
29 1
30 1
31 4
34 1
35 3
37 2
38 3
39 4
40 2
41 4
44 3
45 1
46 4
48 3
49 2
50 2
51 2
52 2
53 6
54 1
55 1
56 3
57 2
58 4
59 4
60 1
16 3
17 5
18 1
20 3
21 1
22 4
23 2
24 2
25 3
27 3
28 2
29 3
30 4
31 4
32 2
33 1
34 1
35 3
36 2
37 3
38 2
39 2
40 2
41 2
42 3
43 2
44 3
45 3
46 2
47 1
48 3
49 5
50 1
51 2
52 2
53 1
54 3
55 1
56 3
57 3
60 2
16 4
17 4
18 2
19 1
20 2
21 5
22 1
23 2
25 5
26 1
27 4
28 1
29 3
30 3
31 5
32 2
34 4
35 2
36 1
37 3
38 2
39 3
40 2
41 2
42 3
43 2
44 1
45 2
46 1
47 2
48 2
49 1
50 1
51 2
52 3
53 2
54 4
55 1
56 3
57 2
58 2
60 2
16 1
17 3
18 5
19 3
20 1
22 1
23 3
25 2
26 1
27 3
28 8
30 1
31 3
32 2
33 1
34 4
35 5
36 3
37 1
38 2
39 1
40 1
41 1
42 4
43 2
44 4
45 2
46 3
47 2
49 1
50 2
51 4
52 3
53 1
54 3
55 2
56 2
58 3
59 4
60 2
17 2
18 4
20 2
21 1
22 1
23 1
24 3
25 5
26 2
28 2
29 2
30 1
31 1
32 1
33 3
34 5
35 2
36 2
38 2
39 2
40 4
41 2
42 2
43 5
44 2
46 4
47 1
48 2
49 5
50 4
51 1
53 1
54 2
55 6
56 2
57 3
58 4
59 5
60 1
16 5
17 2
19 4
20 2
21 3
22 3
23 3
24 5
25 4
26 1
27 1
28 2
29 3
30 2
31 3
32 2
33 1
34 1
35 2
36 1
37 2
38 2
39 4
40 1
41 3
42 4
43 2
44 3
45 2
46 1
47 2
48 2
49 2
50 2
51 3
52 1
53 3
54 1
55 2
56 3
57 1
58 1
59 1
60 2
16 2
18 6
19 2
20 1
21 1
22 2
24 3
25 2
26 3
27 2
28 4
29 2
31 1
32 4
33 2
34 2
35 3
36 1
37 3
38 2
39 5
40 4
41 4
42 1
43 3
44 3
45 1
46 3
47 2
48 2
49 5
50 3
52 1
53 3
54 1
56 2
57 3
58 1
59 4
60 1
16 1
17 6
18 4
20 1
21 3
22 2
23 1
24 3
25 5
26 3
27 1
28 1
29 2
30 4
31 2
32 1
33 1
34 3
35 1
36 2
38 2
39 2
40 2
41 1
42 1
43 2
44 3
45 4
47 3
48 2
49 2
50 4
51 2
52 2
53 5
54 3
55 2
57 3
58 5
59 1
60 2
17 4
18 2
19 1
20 2
21 2
22 2
23 1
24 2
25 1
27 1
28 1
29 2
30 2
31 2
32 4
33 3
34 4
35 2
36 1
37 6
38 1
39 2
40 2
41 1
42 1
43 2
44 3
45 5
46 1
47 2
48 3
49 4
50 4
51 5
52 2
53 1
54 4
55 1
56 4
57 1
58 1
59 1
60 4
16 2
17 9
18 2
19 3
20 1
21 3
22 1
23 5
24 1
25 6
26 2
28 1
30 2
31 5
32 2
33 1
34 5
35 2
36 2
37 3
38 3
39 1
40 2
41 2
42 1
44 2
45 3
46 4
47 4
48 4
49 2
50 1
51 1
52 2
53 1
54 5
55 2
56 1
57 1
16 2
18 2
19 4
20 2
21 1
22 3
23 2
24 3
25 2
26 1
27 3
29 3
31 1
32 2
33 1
34 2
35 4
36 4
37 2
38 5
39 4
40 5
41 1
42 3
43 1
44 3
45 1
46 2
47 1
48 3
49 1
50 2
51 3
53 3
54 5
55 3
57 3
58 1
59 3
60 3
16 1
17 3
18 4
19 2
20 1
21 2
22 2
23 6
24 1
25 6
27 3
28 1
29 1
30 1
31 3
32 3
33 2
34 4
35 3
36 1
37 3
38 2
39 2
40 2
41 2
42 3
43 2
44 2
46 2
48 1
49 1
50 2
51 1
52 1
53 2
54 1
55 1
56 5
57 2
58 4
59 4
60 5
16 2
17 4
18 5
19 3
20 2
23 1
24 2
25 1
26 2
28 2
29 1
30 3
31 3
32 3
33 1
34 1
35 1
36 2
37 1
39 5
40 2
41 3
42 9
43 2
44 3
45 2
46 2
47 2
48 1
49 4
50 2
51 3
52 2
53 1
54 2
55 1
56 3
57 1
58 7
59 1
60 2
16 4
17 2
18 3
19 3
20 5
21 4
23 2
24 4
25 2
26 4
27 2
28 4
29 6
30 3
31 2
32 1
33 5
35 1
36 2
38 1
39 2
40 3
41 1
42 1
43 3
44 1
45 1
46 2
47 1
49 2
51 5
53 2
55 3
56 3
57 3
58 4
59 1
60 2
16 5
17 2
19 3
20 2
21 1
22 2
23 5
24 2
25 2
26 1
27 2
28 3
29 4
30 3
31 1
32 1
33 2
35 2
36 2
37 3
38 2
39 3
40 1
41 3
42 2
43 3
44 1
45 3
46 2
47 2
48 2
49 2
50 3
51 1
52 2
53 1
54 2
55 2
56 5
57 3
58 1
59 3
60 3
16 3
19 1
20 3
21 1
23 4
24 3
25 2
26 3
27 3
28 2
29 2
31 1
32 2
33 4
35 2
36 2
37 5
38 2
39 3
40 3
42 2
43 2
44 3
45 3
46 1
47 4
48 3
49 1
50 1
52 4
53 4
54 1
55 6
56 4
57 2
58 1
59 5
60 2
16 4
17 2
18 3
19 3
20 1
21 4
23 3
24 3
25 1
26 2
27 3
28 3
29 2
30 1
31 2
32 1
33 1
35 2
36 2
38 2
39 3
40 3
41 2
42 2
43 5
44 6
46 1
47 2
48 1
49 1
50 1
51 3
52 3
53 2
54 2
55 5
56 1
57 3
58 4
59 4
60 1
16 3
17 3
19 5
20 2
21 4
22 2
23 4
24 2
25 1
26 2
27 1
28 4
29 3
30 1
31 4
32 1
35 1
36 3
37 4
39 2
40 1
41 3
42 1
43 2
44 3
45 5
46 6
47 2
48 3
50 1
52 3
53 3
54 4
55 2
56 2
58 1
59 3
60 3
16 3
17 3
18 2
19 3
20 2
21 2
22 1
23 1
24 1
25 2
26 5
28 5
29 3
31 3
32 2
33 1
34 2
35 6
36 1
37 1
38 2
39 2
40 2
41 1
42 1
44 4
45 7
46 1
47 2
48 3
49 5
50 4
52 1
53 2
55 3
56 1
57 2
58 7
60 1
16 6
17 3
18 1
19 1
20 1
21 3
22 2
23 1
25 3
26 1
27 2
28 2
29 3
30 3
31 4
32 1
34 4
35 2
36 1
37 1
38 2
39 2
40 2
41 2
42 4
43 4
44 1
45 1
46 5
48 4
49 4
50 3
51 2
52 1
53 1
54 2
55 2
56 3
57 5
58 3
60 2
16 4
17 1
18 4
19 2
20 1
21 6
22 1
23 2
24 4
25 4
26 1
27 2
28 2
29 2
30 3
31 4
32 3
33 3
34 2
35 2
37 2
38 4
39 1
40 5
41 1
42 1
43 2
44 1
45 4
46 4
47 2
49 4
50 1
51 1
52 1
53 2
54 1
55 1
56 1
57 3
58 2
59 1
60 2
16 2
17 5
18 2
19 2
20 3
21 3
22 2
23 4
24 2
25 1
26 3
27 2
28 2
29 5
30 5
31 2
32 4
33 6
34 1
35 2
36 2
37 5
38 1
39 2
40 1
42 2
44 1
45 3
47 3
48 1
49 2
50 1
51 2
53 3
54 3
55 1
56 3
57 4
59 1
60 1
16 2
17 3
18 2
19 2
21 3
22 2
24 1
25 3
26 3
27 2
28 3
29 3
30 2
31 4
32 2
33 8
34 1
35 1
36 4
38 3
40 2
41 2
42 2
43 3
44 3
45 1
46 3
47 1
48 4
49 1
50 3
51 2
52 1
53 1
54 2
56 1
57 4
58 2
59 6
60 2
16 1
17 1
18 3
19 1
20 7
22 4
23 2
24 2
25 2
26 3
27 1
28 2
29 3
30 2
31 2
32 4
33 1
34 2
35 4
36 3
37 3
38 1
39 3
40 3
41 4
42 2
43 3
44 2
45 1
46 3
47 3
48 3
49 5
50 2Traceback (most recent call last):
  File "run.py", line 2, in <module>
    from api import app
  File "/data/scripts/api.py", line 14
    retun r.get('age_'+str(age))
          ^
SyntaxError: invalid syntax
